build/app/intermediates/manifest_merge_blame_file/debug/manifest-merger-blame-debug-report.txt
1<?xml version="1.0" encoding="utf-8"?>
2<manifest xmlns:android="http://schemas.android.com/apk/res/android"
3    package="com.example.amplify_trips_planner"
4    android:versionCode="1"
5    android:versionName="1.0.0" >
6
7    <uses-sdk
8        android:minSdkVersion="21"
9        android:targetSdkVersion="33" />
10    <!--
11         The INTERNET permission is required for development. Specifically,
12         the Flutter tool needs it to communicate with the running application
13         to allow setting breakpoints, to provide hot reload, etc.
14    -->
15    <uses-permission android:name="android.permission.INTERNET" />
15-->src/debug/AndroidManifest.xml:7:5-66
15-->src/debug/AndroidManifest.xml:7:22-64
16    <uses-permission android:name="android.permission.READ_EXTERNAL_STORAGE" />
16-->[:file_picker] AndroidManifest.xml:9:5-80
16-->[:file_picker] AndroidManifest.xml:9:22-77
17
18    <queries>
18-->[:file_picker] AndroidManifest.xml:11:5-17:15
19        <intent>
19-->[:file_picker] AndroidManifest.xml:12:9-16:18
20            <action android:name="android.intent.action.GET_CONTENT" />
20-->[:file_picker] AndroidManifest.xml:13:13-72
20-->[:file_picker] AndroidManifest.xml:13:21-69
21
22            <data android:mimeType="*/*" />
22-->[:file_picker] AndroidManifest.xml:15:13-44
22-->[:file_picker] AndroidManifest.xml:15:19-41
23        </intent>
24    </queries> <!-- Permission will be merged into the manifest of the hosting app. -->
25    <!-- Is required to launch foreground transfer service for targetSdkVersion 28+. -->
26    <uses-permission android:name="android.permission.FOREGROUND_SERVICE" />
26-->[com.amplifyframework:aws-storage-s3:1.38.2] AndroidManifest.xml:25:5-77
26-->[com.amplifyframework:aws-storage-s3:1.38.2] AndroidManifest.xml:25:22-74
27    <uses-permission android:name="android.permission.ACCESS_NETWORK_STATE" />
27-->[com.amazonaws:aws-android-sdk-s3:2.65.0] AndroidManifest.xml:10:5-79
27-->[com.amazonaws:aws-android-sdk-s3:2.65.0] AndroidManifest.xml:10:22-76
28
29    <permission
29-->[androidx.core:core:1.9.0] AndroidManifest.xml:22:5-24:47
30        android:name="com.example.amplify_trips_planner.DYNAMIC_RECEIVER_NOT_EXPORTED_PERMISSION"
30-->[androidx.core:core:1.9.0] AndroidManifest.xml:23:9-81
31        android:protectionLevel="signature" />
31-->[androidx.core:core:1.9.0] AndroidManifest.xml:24:9-44
32
33    <uses-permission android:name="com.example.amplify_trips_planner.DYNAMIC_RECEIVER_NOT_EXPORTED_PERMISSION" />
33-->[androidx.core:core:1.9.0] AndroidManifest.xml:26:5-97
33-->[androidx.core:core:1.9.0] AndroidManifest.xml:26:22-94
34
35    <application
36        android:name="android.app.Application"
37        android:appComponentFactory="androidx.core.app.CoreComponentFactory"
37-->[androidx.core:core:1.9.0] AndroidManifest.xml:28:18-86
38        android:debuggable="true"
39        android:icon="@mipmap/ic_launcher"
40        android:label="amplify_trips_planner" >
41        <activity
42            android:name="com.example.amplify_trips_planner.MainActivity"
43            android:configChanges="orientation|keyboardHidden|keyboard|screenSize|smallestScreenSize|locale|layoutDirection|fontScale|screenLayout|density|uiMode"
44            android:exported="true"
45            android:hardwareAccelerated="true"
46            android:launchMode="singleTop"
47            android:theme="@style/LaunchTheme"
48            android:windowSoftInputMode="adjustResize" >
49
50            <!--
51                 Specifies an Android theme to apply to this Activity as soon as
52                 the Android process has started. This theme is visible to the user
53                 while the Flutter UI initializes. After that, this theme continues
54                 to determine the Window background behind the Flutter UI.
55            -->
56            <meta-data
57                android:name="io.flutter.embedding.android.NormalTheme"
58                android:resource="@style/NormalTheme" />
59
60            <intent-filter>
61                <action android:name="android.intent.action.MAIN" />
62
63                <category android:name="android.intent.category.LAUNCHER" />
64            </intent-filter>
65        </activity>
66        <!--
67             Don't delete the meta-data below.
68             This is used by the Flutter tool to generate GeneratedPluginRegistrant.java
69        -->
70        <meta-data
71            android:name="flutterEmbedding"
72            android:value="2" />
73
74        <provider
74-->[:image_picker_android] AndroidManifest.xml:10:9-18:20
75            android:name="io.flutter.plugins.imagepicker.ImagePickerFileProvider"
75-->[:image_picker_android] AndroidManifest.xml:11:13-82
76            android:authorities="com.example.amplify_trips_planner.flutter.image_provider"
76-->[:image_picker_android] AndroidManifest.xml:12:13-74
77            android:exported="false"
77-->[:image_picker_android] AndroidManifest.xml:13:13-37
78            android:grantUriPermissions="true" >
78-->[:image_picker_android] AndroidManifest.xml:14:13-47
79            <meta-data
79-->[:image_picker_android] AndroidManifest.xml:15:13-17:75
80                android:name="android.support.FILE_PROVIDER_PATHS"
80-->[:image_picker_android] AndroidManifest.xml:16:17-67
81                android:resource="@xml/flutter_image_picker_file_paths" />
81-->[:image_picker_android] AndroidManifest.xml:17:17-72
82        </provider>
83
84        <activity
84-->[:url_launcher_android] AndroidManifest.xml:10:9-13:74
85            android:name="io.flutter.plugins.urllauncher.WebViewActivity"
85-->[:url_launcher_android] AndroidManifest.xml:11:13-74
86            android:exported="false"
86-->[:url_launcher_android] AndroidManifest.xml:12:13-37
87            android:theme="@android:style/Theme.NoTitleBar.Fullscreen" />
87-->[:url_launcher_android] AndroidManifest.xml:13:13-71
88
89        <service
89-->[com.amplifyframework:aws-storage-s3:1.38.2] AndroidManifest.xml:28:9-30:38
90            android:name="com.amazonaws.mobileconnectors.s3.transferutility.TransferService"
90-->[com.amplifyframework:aws-storage-s3:1.38.2] AndroidManifest.xml:29:13-93
91            android:enabled="true" />
91-->[com.amplifyframework:aws-storage-s3:1.38.2] AndroidManifest.xml:30:13-35
92        <service
92-->[com.amplifyframework:aws-storage-s3:1.38.2] AndroidManifest.xml:31:9-33:38
93            android:name="com.amplifyframework.storage.s3.service.AmplifyTransferService"
93-->[com.amplifyframework:aws-storage-s3:1.38.2] AndroidManifest.xml:32:13-90
94            android:enabled="true" />
94-->[com.amplifyframework:aws-storage-s3:1.38.2] AndroidManifest.xml:33:13-35
95
96        <activity
96-->[com.amplifyframework:core:1.38.2] AndroidManifest.xml:27:9-29:54
97            android:name="com.amplifyframework.devmenu.DeveloperMenuActivity"
97-->[com.amplifyframework:core:1.38.2] AndroidManifest.xml:28:13-78
98            android:theme="@style/OverlayActivity" />
98-->[com.amplifyframework:core:1.38.2] AndroidManifest.xml:29:13-51
99
100        <uses-library
100-->[androidx.window:window:1.0.0-beta04] AndroidManifest.xml:25:9-27:40
101            android:name="androidx.window.extensions"
101-->[androidx.window:window:1.0.0-beta04] AndroidManifest.xml:26:13-54
102            android:required="false" />
102-->[androidx.window:window:1.0.0-beta04] AndroidManifest.xml:27:13-37
103        <uses-library
103-->[androidx.window:window:1.0.0-beta04] AndroidManifest.xml:28:9-30:40
104            android:name="androidx.window.sidecar"
104-->[androidx.window:window:1.0.0-beta04] AndroidManifest.xml:29:13-51
105            android:required="false" />
105-->[androidx.window:window:1.0.0-beta04] AndroidManifest.xml:30:13-37
106
107        <activity
107-->[com.amazonaws:aws-android-sdk-cognitoauth:2.65.0] AndroidManifest.xml:12:9-16:75
108            android:name="com.amazonaws.mobileconnectors.cognitoauth.activities.CustomTabsManagerActivity"
108-->[com.amazonaws:aws-android-sdk-cognitoauth:2.65.0] AndroidManifest.xml:13:13-107
109            android:exported="false"
109-->[com.amazonaws:aws-android-sdk-cognitoauth:2.65.0] AndroidManifest.xml:14:13-37
110            android:launchMode="singleTask"
110-->[com.amazonaws:aws-android-sdk-cognitoauth:2.65.0] AndroidManifest.xml:15:13-44
111            android:theme="@android:style/Theme.Translucent.NoTitleBar" />
111-->[com.amazonaws:aws-android-sdk-cognitoauth:2.65.0] AndroidManifest.xml:16:13-72
112
113        <uses-library
113-->[com.amazonaws:aws-android-sdk-core:2.65.0] AndroidManifest.xml:11:9-13:40
114            android:name="org.apache.http.legacy"
114-->[com.amazonaws:aws-android-sdk-core:2.65.0] AndroidManifest.xml:12:13-50
115            android:required="false" />
115-->[com.amazonaws:aws-android-sdk-core:2.65.0] AndroidManifest.xml:13:13-37
116    </application>
117
118</manifest>